{
  "stats": {
    "suites": 1,
    "tests": 1,
    "passes": 1,
    "pending": 0,
    "failures": 0,
    "start": "2021-12-11T01:43:47.958Z",
    "end": "2021-12-11T01:43:56.772Z",
    "duration": 8814,
    "testsRegistered": 1,
    "passPercent": 100,
    "pendingPercent": 0,
    "other": 0,
    "hasOther": false,
    "skipped": 0,
    "hasSkipped": false
  },
  "results": [
    {
      "uuid": "5a924c9c-0479-45f9-b642-2dc2037ba1ac",
      "title": "",
      "fullFile": "cypress/integration/cadastroAleatorio.spec.js",
      "file": "cypress/integration/cadastroAleatorio.spec.js",
      "beforeHooks": [],
      "afterHooks": [],
      "tests": [],
      "suites": [
        {
          "uuid": "cfb0bf3c-f9f9-4749-a3db-2c4563d65cac",
          "title": "CadastroAleatorio",
          "fullFile": "",
          "file": "",
          "beforeHooks": [],
          "afterHooks": [],
          "tests": [
            {
              "title": "Quando eu informar os dados e finalizar, então o cadastro deve ser efetuado",
              "fullTitle": "CadastroAleatorio Quando eu informar os dados e finalizar, então o cadastro deve ser efetuado",
              "timedOut": null,
              "duration": 6216,
              "state": "passed",
              "speed": "medium",
              "pass": true,
              "fail": false,
              "pending": false,
              "context": null,
              "code": "cy.visit('https://form-agilizei.netlify.app/'); // Inputs do tipo nome, endereço e e-mail (textbox) -> type()\ncy.get('input[name=firstName]').type(chance.first());\ncy.get('input[name=lastName]').type(chance.last());\ncy.get('textarea[name=adress]').type(chance.address());\ncy.get('input[name=emailAdress]').type(chance.email()); // Inputs do tipo RadioButton e CheckBox -> check()\ncy.get('input[value=n]').check();\ncy.get('input[type=checkbox]').check('Netflix');\ncy.get('input[type=checkbox]').check('Livros'); // Inputs do tipo ComboBox -> type()\ncy.get('select#countries').select('Dinamarca', {\n  force: true\n});\ncy.get('select#years').select('1996', {\n  force: true\n});\ncy.get('select#months').select('Fevereiro', {\n  force: true\n});\ncy.get('select#days').select('6', {\n  force: true\n}); // Inputs de senha -> type\ncy.get('input#firstpassword').type('Alunos@2021');\ncy.get('input#secondpassword').type('Alunos@2021'); // Inputs do tipo button -> Click()\ncy.get('button#submitbtn').click(); // Espero que a minha aplicação seja direcionada para a listagem\n// url\n// deve estar ou conter a palavra listagem\ncy.url().should('contain', 'listagem');",
              "err": {},
              "uuid": "4fce59ef-4f4e-4b05-b79f-829af53ba31c",
              "parentUUID": "cfb0bf3c-f9f9-4749-a3db-2c4563d65cac",
              "isHook": false,
              "skipped": false
            }
          ],
          "suites": [],
          "passes": [
            "4fce59ef-4f4e-4b05-b79f-829af53ba31c"
          ],
          "failures": [],
          "pending": [],
          "skipped": [],
          "duration": 6216,
          "root": false,
          "rootEmpty": false,
          "_timeout": 2000
        }
      ],
      "passes": [],
      "failures": [],
      "pending": [],
      "skipped": [],
      "duration": 0,
      "root": true,
      "rootEmpty": true,
      "_timeout": 2000
    }
  ],
  "meta": {
    "mocha": {
      "version": "7.0.1"
    },
    "mochawesome": {
      "options": {
        "quiet": true,
        "reportFilename": "mochawesome",
        "saveHtml": false,
        "saveJson": true,
        "consoleReporter": "spec",
        "useInlineDiffs": false,
        "code": true
      },
      "version": "7.0.1"
    },
    "marge": {
      "options": {
        "id": "default",
        "reporterDir": "mochawesome-report",
        "quiet": true,
        "overwrite": false,
        "html": false,
        "json": true
      },
      "version": "6.0.1"
    }
  }
}