{
  "stats": {
    "suites": 1,
    "tests": 1,
    "passes": 1,
    "pending": 0,
    "failures": 0,
    "start": "2021-12-11T01:43:26.388Z",
    "end": "2021-12-11T01:43:36.700Z",
    "duration": 10312,
    "testsRegistered": 1,
    "passPercent": 100,
    "pendingPercent": 0,
    "other": 0,
    "hasOther": false,
    "skipped": 0,
    "hasSkipped": false
  },
  "results": [
    {
      "uuid": "863fed56-ea83-4bc3-8618-2d37a063287b",
      "title": "",
      "fullFile": "cypress/integration/cadastro.spec.js",
      "file": "cypress/integration/cadastro.spec.js",
      "beforeHooks": [],
      "afterHooks": [],
      "tests": [],
      "suites": [
        {
          "uuid": "39dd4499-105f-43ee-998d-9c6943313e06",
          "title": "Cadastro",
          "fullFile": "",
          "file": "",
          "beforeHooks": [],
          "afterHooks": [],
          "tests": [
            {
              "title": "Quando eu informar os dados e finalizar, então o cadastro deve ser efetuado",
              "fullTitle": "Cadastro Quando eu informar os dados e finalizar, então o cadastro deve ser efetuado",
              "timedOut": null,
              "duration": 7684,
              "state": "passed",
              "speed": "medium",
              "pass": true,
              "fail": false,
              "pending": false,
              "context": null,
              "code": "cy.visit('https://form-agilizei.netlify.app/'); // Inputs do tipo nome, endereço e e-mail (textbox) -> type()\ncy.get('input[name=firstName]').type('Agilizei');\ncy.get('input[name=lastName]').type('Bootcamp');\ncy.get('textarea[name=adress]').type('Rua Amador Bueno, 1234');\ncy.get('input[name=emailAdress]').type('agilizeibootcamp@mail.com'); // Inputs do tipo RadioButton e CheckBox -> check()\ncy.get('input[value=n]').check();\ncy.get('input[type=checkbox]').check('Netflix');\ncy.get('input[type=checkbox]').check('Livros'); // Inputs do tipo ComboBox -> type()\ncy.get('select#countries').select('Dinamarca', {\n  force: true\n});\ncy.get('select#years').select('1996', {\n  force: true\n});\ncy.get('select#months').select('Fevereiro', {\n  force: true\n});\ncy.get('select#days').select('6', {\n  force: true\n}); // Inputs de senha -> type\ncy.get('input#firstpassword').type('Alunos@2021');\ncy.get('input#secondpassword').type('Alunos@2021'); // Inputs do tipo button -> Click()\ncy.get('button#submitbtn').click(); // Espero que a minha aplicação seja direcionada para a listagem\n// url\n// deve estar ou conter a palavra listagem\ncy.url().should('contain', 'listagem');",
              "err": {},
              "uuid": "1eb1e382-6815-42cf-ab53-f7512a78f88f",
              "parentUUID": "39dd4499-105f-43ee-998d-9c6943313e06",
              "isHook": false,
              "skipped": false
            }
          ],
          "suites": [],
          "passes": [
            "1eb1e382-6815-42cf-ab53-f7512a78f88f"
          ],
          "failures": [],
          "pending": [],
          "skipped": [],
          "duration": 7684,
          "root": false,
          "rootEmpty": false,
          "_timeout": 2000
        }
      ],
      "passes": [],
      "failures": [],
      "pending": [],
      "skipped": [],
      "duration": 0,
      "root": true,
      "rootEmpty": true,
      "_timeout": 2000
    }
  ],
  "meta": {
    "mocha": {
      "version": "7.0.1"
    },
    "mochawesome": {
      "options": {
        "quiet": true,
        "reportFilename": "mochawesome",
        "saveHtml": false,
        "saveJson": true,
        "consoleReporter": "spec",
        "useInlineDiffs": false,
        "code": true
      },
      "version": "7.0.1"
    },
    "marge": {
      "options": {
        "id": "default",
        "reporterDir": "mochawesome-report",
        "quiet": true,
        "overwrite": false,
        "html": false,
        "json": true
      },
      "version": "6.0.1"
    }
  }
}